Arguments: 
  /Users/zubinpratap/.nvm/versions/node/v12.18.3/bin/node /usr/local/Cellar/yarn/1.22.4/libexec/bin/yarn.js add @0.5.0

PATH: 
  /Users/zubinpratap/google-cloud-sdk/bin:/usr/local/opt/postgresql@11/bin:/Users/zubinpratap/.nvm/versions/node/v12.18.3/bin:/Users/zubinpratap/.pyenv/shims:/Users/zubinpratap/opt/anaconda3/bin:/Users/zubinpratap/opt/anaconda3/condabin:/Users/zubinpratap/Library/Python/3.7/bin:/anaconda3/bin:/usr/local/bin:/usr/bin:/bin:/usr/sbin:/sbin:/usr/local/go/bin:/Applications/Postgres.app/Contents/Versions/latest/bin:/bin:/Users/zubinpratap/Documents/projects/golang/bin

Yarn version: 
  1.22.4

Node version: 
  12.18.3

Platform: 
  darwin x64

Trace: 
  Error: https://registry.yarnpkg.com/@0.5.0: Request "https://registry.yarnpkg.com/@0.5.0" returned a 405
      at Request.params.callback [as _callback] (/usr/local/Cellar/yarn/1.22.4/libexec/lib/cli.js:66996:18)
      at Request.self.callback (/usr/local/Cellar/yarn/1.22.4/libexec/lib/cli.js:140748:22)
      at Request.emit (events.js:315:20)
      at Request.<anonymous> (/usr/local/Cellar/yarn/1.22.4/libexec/lib/cli.js:141720:10)
      at Request.emit (events.js:315:20)
      at IncomingMessage.<anonymous> (/usr/local/Cellar/yarn/1.22.4/libexec/lib/cli.js:141642:12)
      at Object.onceWrapper (events.js:421:28)
      at IncomingMessage.emit (events.js:327:22)
      at endReadableNT (_stream_readable.js:1220:12)
      at processTicksAndRejections (internal/process/task_queues.js:84:21)

npm manifest: 
  {
      "name": "eth-todo-list",
      "version": "1.0.0",
      "description": "Blockchain Todo List Powered By Ethereum",
      "main": "truffle-config.js",
      "directories": {
        "test": "test"
      },
      "scripts": {
        "dev": "lite-server",
        "test": "echo \"Error: no test specified\" && sexit 1"
      },
      "author": "gregory@dappuniversity.com",
      "license": "ISC",
      "devDependencies": {
        "bootstrap": "4.1.3",
        "chai": "^4.1.2",
        "chai-as-promised": "^7.1.1",
        "chai-bignumber": "^2.0.2",
        "lite-server": "^2.3.0",
        "nodemon": "^1.17.3",
        "truffle": "5.0.2",
        "truffle-contract": "3.0.6"
      }
    }

yarn manifest: 
  No manifest

Lockfile: 
  No lockfile
